2021-02-07 01:23:17.605  INFO 14760 --- [main] c.kyriewang.kkbbs.KkbbsApplicationTests  : Starting KkbbsApplicationTests on DESKTOP-MGI1RSV with PID 14760 (started by 77364 in F:\Java\SpringbootWorkspace\kkbbs)
2021-02-07 01:23:17.633  INFO 14760 --- [main] c.kyriewang.kkbbs.KkbbsApplicationTests  : No active profile set, falling back to default profiles: default
2021-02-07 01:23:22.235  INFO 14760 --- [main] o.s.s.concurrent.ThreadPoolTaskExecutor  : Initializing ExecutorService 'applicationTaskExecutor'
2021-02-07 01:23:22.448  INFO 14760 --- [main] o.s.b.a.w.s.WelcomePageHandlerMapping    : Adding welcome page template: index
2021-02-07 01:23:22.893  INFO 14760 --- [main] c.kyriewang.kkbbs.KkbbsApplicationTests  : Started KkbbsApplicationTests in 6.247 seconds (JVM running for 9.244)
2021-02-07 01:23:23.357  INFO 14760 --- [SpringContextShutdownHook] o.s.s.concurrent.ThreadPoolTaskExecutor  : Shutting down ExecutorService 'applicationTaskExecutor'
2021-02-07 01:23:23.358  INFO 14760 --- [SpringContextShutdownHook] com.alibaba.druid.pool.DruidDataSource   : {dataSource-0} closing ...
2021-02-07 01:33:01.110  INFO 10452 --- [main] c.kyriewang.kkbbs.KkbbsApplicationTests  : Starting KkbbsApplicationTests on DESKTOP-MGI1RSV with PID 10452 (started by 77364 in F:\Java\SpringbootWorkspace\kkbbs)
2021-02-07 01:33:01.111  INFO 10452 --- [main] c.kyriewang.kkbbs.KkbbsApplicationTests  : No active profile set, falling back to default profiles: default
2021-02-07 01:33:04.053  INFO 10452 --- [main] o.s.s.concurrent.ThreadPoolTaskExecutor  : Initializing ExecutorService 'applicationTaskExecutor'
2021-02-07 01:33:04.175  INFO 10452 --- [main] o.s.b.a.w.s.WelcomePageHandlerMapping    : Adding welcome page template: index
2021-02-07 01:33:04.526  INFO 10452 --- [main] c.kyriewang.kkbbs.KkbbsApplicationTests  : Started KkbbsApplicationTests in 3.902 seconds (JVM running for 5.465)
2021-02-07 01:33:04.753  INFO 10452 --- [SpringContextShutdownHook] o.s.s.concurrent.ThreadPoolTaskExecutor  : Shutting down ExecutorService 'applicationTaskExecutor'
2021-02-07 01:33:04.754  INFO 10452 --- [SpringContextShutdownHook] com.alibaba.druid.pool.DruidDataSource   : {dataSource-0} closing ...
2021-02-07 02:14:47.481  INFO 3012 --- [main] c.kyriewang.kkbbs.KkbbsApplicationTests  : Starting KkbbsApplicationTests on DESKTOP-MGI1RSV with PID 3012 (started by 77364 in F:\Java\SpringbootWorkspace\kkbbs)
2021-02-07 02:14:47.485  INFO 3012 --- [main] c.kyriewang.kkbbs.KkbbsApplicationTests  : No active profile set, falling back to default profiles: default
2021-02-07 02:14:50.335  INFO 3012 --- [main] o.s.s.concurrent.ThreadPoolTaskExecutor  : Initializing ExecutorService 'applicationTaskExecutor'
2021-02-07 02:14:50.447  INFO 3012 --- [main] o.s.b.a.w.s.WelcomePageHandlerMapping    : Adding welcome page template: index
2021-02-07 02:14:50.796  INFO 3012 --- [main] c.kyriewang.kkbbs.KkbbsApplicationTests  : Started KkbbsApplicationTests in 3.943 seconds (JVM running for 5.247)
2021-02-07 02:14:53.729  INFO 3012 --- [main] com.alibaba.druid.pool.DruidDataSource   : {dataSource-1} inited
2021-02-07 02:14:53.768  INFO 3012 --- [SpringContextShutdownHook] o.s.s.concurrent.ThreadPoolTaskExecutor  : Shutting down ExecutorService 'applicationTaskExecutor'
2021-02-07 02:14:53.769  INFO 3012 --- [SpringContextShutdownHook] com.alibaba.druid.pool.DruidDataSource   : {dataSource-1} closing ...
2021-02-07 02:14:53.815  INFO 3012 --- [SpringContextShutdownHook] com.alibaba.druid.pool.DruidDataSource   : {dataSource-1} closed
2021-02-07 23:24:24.670  INFO 3300 --- [main] c.kyriewang.kkbbs.KkbbsApplicationTests  : Starting KkbbsApplicationTests on DESKTOP-MGI1RSV with PID 3300 (started by 77364 in F:\Java\SpringbootWorkspace\kkbbs)
2021-02-07 23:24:24.683  INFO 3300 --- [main] c.kyriewang.kkbbs.KkbbsApplicationTests  : No active profile set, falling back to default profiles: default
2021-02-07 23:24:29.466  INFO 3300 --- [main] o.s.s.concurrent.ThreadPoolTaskExecutor  : Initializing ExecutorService 'applicationTaskExecutor'
2021-02-07 23:24:29.681  INFO 3300 --- [main] o.s.b.a.w.s.WelcomePageHandlerMapping    : Adding welcome page template: index
2021-02-07 23:24:30.643  INFO 3300 --- [main] c.kyriewang.kkbbs.KkbbsApplicationTests  : Started KkbbsApplicationTests in 7.017 seconds (JVM running for 11.396)
2021-02-07 23:24:33.895  INFO 3300 --- [main] com.alibaba.druid.pool.DruidDataSource   : {dataSource-1} inited
2021-02-07 23:24:33.966  INFO 3300 --- [SpringContextShutdownHook] o.s.s.concurrent.ThreadPoolTaskExecutor  : Shutting down ExecutorService 'applicationTaskExecutor'
2021-02-07 23:24:33.968  INFO 3300 --- [SpringContextShutdownHook] com.alibaba.druid.pool.DruidDataSource   : {dataSource-1} closing ...
2021-02-07 23:24:34.001  INFO 3300 --- [SpringContextShutdownHook] com.alibaba.druid.pool.DruidDataSource   : {dataSource-1} closed
2021-02-07 23:24:49.958  INFO 6688 --- [main] com.kyriewang.kkbbs.KkbbsApplication     : Starting KkbbsApplication on DESKTOP-MGI1RSV with PID 6688 (F:\Java\SpringbootWorkspace\kkbbs\target\classes started by 77364 in F:\Java\SpringbootWorkspace\kkbbs)
2021-02-07 23:24:49.961  INFO 6688 --- [main] com.kyriewang.kkbbs.KkbbsApplication     : No active profile set, falling back to default profiles: default
2021-02-07 23:24:51.273  INFO 6688 --- [main] o.s.b.w.embedded.tomcat.TomcatWebServer  : Tomcat initialized with port(s): 8080 (http)
2021-02-07 23:24:51.283  INFO 6688 --- [main] o.apache.catalina.core.StandardService   : Starting service [Tomcat]
2021-02-07 23:24:51.283  INFO 6688 --- [main] org.apache.catalina.core.StandardEngine  : Starting Servlet engine: [Apache Tomcat/9.0.37]
2021-02-07 23:24:51.396  INFO 6688 --- [main] o.a.c.c.C.[Tomcat].[localhost].[/]       : Initializing Spring embedded WebApplicationContext
2021-02-07 23:24:51.397  INFO 6688 --- [main] w.s.c.ServletWebServerApplicationContext : Root WebApplicationContext: initialization completed in 1373 ms
2021-02-07 23:24:51.949  INFO 6688 --- [main] o.s.s.concurrent.ThreadPoolTaskExecutor  : Initializing ExecutorService 'applicationTaskExecutor'
2021-02-07 23:24:52.014  INFO 6688 --- [main] o.s.b.a.w.s.WelcomePageHandlerMapping    : Adding welcome page template: index
2021-02-07 23:24:52.284  INFO 6688 --- [main] o.s.b.w.embedded.tomcat.TomcatWebServer  : Tomcat started on port(s): 8080 (http) with context path ''
2021-02-07 23:24:52.295  INFO 6688 --- [main] com.kyriewang.kkbbs.KkbbsApplication     : Started KkbbsApplication in 3.092 seconds (JVM running for 4.733)
2021-02-07 23:25:54.023  INFO 6688 --- [http-nio-8080-exec-1] o.a.c.c.C.[Tomcat].[localhost].[/]       : Initializing Spring DispatcherServlet 'dispatcherServlet'
2021-02-07 23:25:54.025  INFO 6688 --- [http-nio-8080-exec-1] o.s.web.servlet.DispatcherServlet        : Initializing Servlet 'dispatcherServlet'
2021-02-07 23:25:54.047  INFO 6688 --- [http-nio-8080-exec-1] o.s.web.servlet.DispatcherServlet        : Completed initialization in 22 ms
2021-02-07 23:25:55.408  INFO 6688 --- [http-nio-8080-exec-1] com.alibaba.druid.pool.DruidDataSource   : {dataSource-1} inited
2021-02-07 23:25:55.416 DEBUG 6688 --- [http-nio-8080-exec-1] c.k.kkbbs.mapper.QuestionMapper.getList  : ==>  Preparing: select * from question limit ?,? 
2021-02-07 23:25:55.615 DEBUG 6688 --- [http-nio-8080-exec-1] c.k.kkbbs.mapper.QuestionMapper.getList  : ==> Parameters: 0(Integer), 5(Integer)
2021-02-07 23:25:55.864 DEBUG 6688 --- [http-nio-8080-exec-1] c.k.kkbbs.mapper.QuestionMapper.getList  : <==      Total: 5
2021-02-07 23:25:55.872 DEBUG 6688 --- [http-nio-8080-exec-1] c.k.kkbbs.mapper.UserMapper.findById     : ==>  Preparing: select * from user where id=? 
2021-02-07 23:25:55.922 DEBUG 6688 --- [http-nio-8080-exec-1] c.k.kkbbs.mapper.UserMapper.findById     : ==> Parameters: 1(Long)
2021-02-07 23:25:55.961 DEBUG 6688 --- [http-nio-8080-exec-1] c.k.kkbbs.mapper.UserMapper.findById     : <==      Total: 1
2021-02-07 23:25:55.979 DEBUG 6688 --- [http-nio-8080-exec-1] c.k.kkbbs.mapper.UserMapper.findById     : ==>  Preparing: select * from user where id=? 
2021-02-07 23:25:55.980 DEBUG 6688 --- [http-nio-8080-exec-1] c.k.kkbbs.mapper.UserMapper.findById     : ==> Parameters: 1(Long)
2021-02-07 23:25:55.985 DEBUG 6688 --- [http-nio-8080-exec-1] c.k.kkbbs.mapper.UserMapper.findById     : <==      Total: 1
2021-02-07 23:25:55.986 DEBUG 6688 --- [http-nio-8080-exec-1] c.k.kkbbs.mapper.UserMapper.findById     : ==>  Preparing: select * from user where id=? 
2021-02-07 23:25:55.987 DEBUG 6688 --- [http-nio-8080-exec-1] c.k.kkbbs.mapper.UserMapper.findById     : ==> Parameters: 1(Long)
2021-02-07 23:25:55.989 DEBUG 6688 --- [http-nio-8080-exec-1] c.k.kkbbs.mapper.UserMapper.findById     : <==      Total: 1
2021-02-07 23:25:55.990 DEBUG 6688 --- [http-nio-8080-exec-1] c.k.kkbbs.mapper.UserMapper.findById     : ==>  Preparing: select * from user where id=? 
2021-02-07 23:25:55.990 DEBUG 6688 --- [http-nio-8080-exec-1] c.k.kkbbs.mapper.UserMapper.findById     : ==> Parameters: 1(Long)
2021-02-07 23:25:55.992 DEBUG 6688 --- [http-nio-8080-exec-1] c.k.kkbbs.mapper.UserMapper.findById     : <==      Total: 1
2021-02-07 23:25:55.994 DEBUG 6688 --- [http-nio-8080-exec-1] c.k.kkbbs.mapper.UserMapper.findById     : ==>  Preparing: select * from user where id=? 
2021-02-07 23:25:55.994 DEBUG 6688 --- [http-nio-8080-exec-1] c.k.kkbbs.mapper.UserMapper.findById     : ==> Parameters: 1(Long)
2021-02-07 23:25:55.997 DEBUG 6688 --- [http-nio-8080-exec-1] c.k.kkbbs.mapper.UserMapper.findById     : <==      Total: 1
2021-02-07 23:25:55.998 DEBUG 6688 --- [http-nio-8080-exec-1] c.k.kkbbs.mapper.QuestionMapper.count    : ==>  Preparing: select count(1) from question 
2021-02-07 23:25:56.001 DEBUG 6688 --- [http-nio-8080-exec-1] c.k.kkbbs.mapper.QuestionMapper.count    : ==> Parameters: 
2021-02-07 23:25:56.019 DEBUG 6688 --- [http-nio-8080-exec-1] c.k.kkbbs.mapper.QuestionMapper.count    : <==      Total: 1
2021-02-07 23:29:02.487 DEBUG 6688 --- [http-nio-8080-exec-9] c.k.kkbbs.mapper.QuestionMapper.getList  : ==>  Preparing: select * from question limit ?,? 
2021-02-07 23:29:02.488 DEBUG 6688 --- [http-nio-8080-exec-9] c.k.kkbbs.mapper.QuestionMapper.getList  : ==> Parameters: 0(Integer), 5(Integer)
2021-02-07 23:29:02.492 DEBUG 6688 --- [http-nio-8080-exec-9] c.k.kkbbs.mapper.QuestionMapper.getList  : <==      Total: 5
2021-02-07 23:29:02.492 DEBUG 6688 --- [http-nio-8080-exec-9] c.k.kkbbs.mapper.UserMapper.findById     : ==>  Preparing: select * from user where id=? 
2021-02-07 23:29:02.494 DEBUG 6688 --- [http-nio-8080-exec-9] c.k.kkbbs.mapper.UserMapper.findById     : ==> Parameters: 1(Long)
2021-02-07 23:29:02.504 DEBUG 6688 --- [http-nio-8080-exec-9] c.k.kkbbs.mapper.UserMapper.findById     : <==      Total: 1
2021-02-07 23:29:02.507 DEBUG 6688 --- [http-nio-8080-exec-9] c.k.kkbbs.mapper.UserMapper.findById     : ==>  Preparing: select * from user where id=? 
2021-02-07 23:29:02.508 DEBUG 6688 --- [http-nio-8080-exec-9] c.k.kkbbs.mapper.UserMapper.findById     : ==> Parameters: 1(Long)
2021-02-07 23:29:02.512 DEBUG 6688 --- [http-nio-8080-exec-9] c.k.kkbbs.mapper.UserMapper.findById     : <==      Total: 1
2021-02-07 23:29:02.513 DEBUG 6688 --- [http-nio-8080-exec-9] c.k.kkbbs.mapper.UserMapper.findById     : ==>  Preparing: select * from user where id=? 
2021-02-07 23:29:02.513 DEBUG 6688 --- [http-nio-8080-exec-9] c.k.kkbbs.mapper.UserMapper.findById     : ==> Parameters: 1(Long)
2021-02-07 23:29:02.519 DEBUG 6688 --- [http-nio-8080-exec-9] c.k.kkbbs.mapper.UserMapper.findById     : <==      Total: 1
2021-02-07 23:29:02.520 DEBUG 6688 --- [http-nio-8080-exec-9] c.k.kkbbs.mapper.UserMapper.findById     : ==>  Preparing: select * from user where id=? 
2021-02-07 23:29:02.521 DEBUG 6688 --- [http-nio-8080-exec-9] c.k.kkbbs.mapper.UserMapper.findById     : ==> Parameters: 1(Long)
2021-02-07 23:29:02.523 DEBUG 6688 --- [http-nio-8080-exec-9] c.k.kkbbs.mapper.UserMapper.findById     : <==      Total: 1
2021-02-07 23:29:02.524 DEBUG 6688 --- [http-nio-8080-exec-9] c.k.kkbbs.mapper.UserMapper.findById     : ==>  Preparing: select * from user where id=? 
2021-02-07 23:29:02.525 DEBUG 6688 --- [http-nio-8080-exec-9] c.k.kkbbs.mapper.UserMapper.findById     : ==> Parameters: 1(Long)
2021-02-07 23:29:02.527 DEBUG 6688 --- [http-nio-8080-exec-9] c.k.kkbbs.mapper.UserMapper.findById     : <==      Total: 1
2021-02-07 23:29:02.528 DEBUG 6688 --- [http-nio-8080-exec-9] c.k.kkbbs.mapper.QuestionMapper.count    : ==>  Preparing: select count(1) from question 
2021-02-07 23:29:02.528 DEBUG 6688 --- [http-nio-8080-exec-9] c.k.kkbbs.mapper.QuestionMapper.count    : ==> Parameters: 
2021-02-07 23:29:02.530 DEBUG 6688 --- [http-nio-8080-exec-9] c.k.kkbbs.mapper.QuestionMapper.count    : <==      Total: 1
2021-02-07 23:29:12.147 DEBUG 6688 --- [http-nio-8080-exec-7] c.k.k.m.UserMapper.selectByaccountId     : ==>  Preparing: select * from user where account_id=? 
2021-02-07 23:29:12.151 DEBUG 6688 --- [http-nio-8080-exec-7] c.k.k.m.UserMapper.selectByaccountId     : ==> Parameters: 29956556(String)
2021-02-07 23:29:12.155 DEBUG 6688 --- [http-nio-8080-exec-7] c.k.k.m.UserMapper.selectByaccountId     : <==      Total: 1
2021-02-07 23:29:12.157 DEBUG 6688 --- [http-nio-8080-exec-7] c.k.k.mapper.UserMapper.updateGitUser    : ==>  Preparing: update user set name=?,token=?,avatar_url=?,gmt_modified=? where id=? 
2021-02-07 23:29:12.194 DEBUG 6688 --- [http-nio-8080-exec-7] c.k.k.mapper.UserMapper.updateGitUser    : ==> Parameters: KyrieWang(String), b804228b-10b2-4251-a5de-26ec6aa70733(String), https://avatars.githubusercontent.com/u/29956556?v=4(String), 1612711752157(Long), 1(Long)
2021-02-07 23:29:12.317 DEBUG 6688 --- [http-nio-8080-exec-7] c.k.k.mapper.UserMapper.updateGitUser    : <==    Updates: 1
2021-02-07 23:29:12.335 DEBUG 6688 --- [http-nio-8080-exec-6] c.k.kkbbs.mapper.UserMapper.findByToken  : ==>  Preparing: select * from user where token=? 
2021-02-07 23:29:12.342 DEBUG 6688 --- [http-nio-8080-exec-6] c.k.kkbbs.mapper.UserMapper.findByToken  : ==> Parameters: b804228b-10b2-4251-a5de-26ec6aa70733(String)
2021-02-07 23:29:12.345 DEBUG 6688 --- [http-nio-8080-exec-6] c.k.kkbbs.mapper.UserMapper.findByToken  : <==      Total: 1
2021-02-07 23:29:12.420 DEBUG 6688 --- [http-nio-8080-exec-6] c.k.k.m.N.countByExample                 : ==>  Preparing: select count(*) from notification WHERE ( receiver = ? and status = ? ) 
2021-02-07 23:29:12.423 DEBUG 6688 --- [http-nio-8080-exec-6] c.k.k.m.N.countByExample                 : ==> Parameters: 1(Long), 0(Integer)
2021-02-07 23:29:12.463 DEBUG 6688 --- [http-nio-8080-exec-6] c.k.k.m.N.countByExample                 : <==      Total: 1
2021-02-07 23:29:12.464 DEBUG 6688 --- [http-nio-8080-exec-6] c.k.kkbbs.mapper.QuestionMapper.getList  : ==>  Preparing: select * from question limit ?,? 
2021-02-07 23:29:12.465 DEBUG 6688 --- [http-nio-8080-exec-6] c.k.kkbbs.mapper.QuestionMapper.getList  : ==> Parameters: 0(Integer), 5(Integer)
2021-02-07 23:29:12.467 DEBUG 6688 --- [http-nio-8080-exec-6] c.k.kkbbs.mapper.QuestionMapper.getList  : <==      Total: 5
2021-02-07 23:29:12.468 DEBUG 6688 --- [http-nio-8080-exec-6] c.k.kkbbs.mapper.UserMapper.findById     : ==>  Preparing: select * from user where id=? 
2021-02-07 23:29:12.468 DEBUG 6688 --- [http-nio-8080-exec-6] c.k.kkbbs.mapper.UserMapper.findById     : ==> Parameters: 1(Long)
2021-02-07 23:29:12.470 DEBUG 6688 --- [http-nio-8080-exec-6] c.k.kkbbs.mapper.UserMapper.findById     : <==      Total: 1
2021-02-07 23:29:12.470 DEBUG 6688 --- [http-nio-8080-exec-6] c.k.kkbbs.mapper.UserMapper.findById     : ==>  Preparing: select * from user where id=? 
2021-02-07 23:29:12.470 DEBUG 6688 --- [http-nio-8080-exec-6] c.k.kkbbs.mapper.UserMapper.findById     : ==> Parameters: 1(Long)
2021-02-07 23:29:12.473 DEBUG 6688 --- [http-nio-8080-exec-6] c.k.kkbbs.mapper.UserMapper.findById     : <==      Total: 1
2021-02-07 23:29:12.474 DEBUG 6688 --- [http-nio-8080-exec-6] c.k.kkbbs.mapper.UserMapper.findById     : ==>  Preparing: select * from user where id=? 
2021-02-07 23:29:12.474 DEBUG 6688 --- [http-nio-8080-exec-6] c.k.kkbbs.mapper.UserMapper.findById     : ==> Parameters: 1(Long)
2021-02-07 23:29:12.475 DEBUG 6688 --- [http-nio-8080-exec-6] c.k.kkbbs.mapper.UserMapper.findById     : <==      Total: 1
2021-02-07 23:29:12.476 DEBUG 6688 --- [http-nio-8080-exec-6] c.k.kkbbs.mapper.UserMapper.findById     : ==>  Preparing: select * from user where id=? 
2021-02-07 23:29:12.476 DEBUG 6688 --- [http-nio-8080-exec-6] c.k.kkbbs.mapper.UserMapper.findById     : ==> Parameters: 1(Long)
2021-02-07 23:29:12.479 DEBUG 6688 --- [http-nio-8080-exec-6] c.k.kkbbs.mapper.UserMapper.findById     : <==      Total: 1
2021-02-07 23:29:12.479 DEBUG 6688 --- [http-nio-8080-exec-6] c.k.kkbbs.mapper.UserMapper.findById     : ==>  Preparing: select * from user where id=? 
2021-02-07 23:29:12.479 DEBUG 6688 --- [http-nio-8080-exec-6] c.k.kkbbs.mapper.UserMapper.findById     : ==> Parameters: 1(Long)
2021-02-07 23:29:12.481 DEBUG 6688 --- [http-nio-8080-exec-6] c.k.kkbbs.mapper.UserMapper.findById     : <==      Total: 1
2021-02-07 23:29:12.481 DEBUG 6688 --- [http-nio-8080-exec-6] c.k.kkbbs.mapper.QuestionMapper.count    : ==>  Preparing: select count(1) from question 
2021-02-07 23:29:12.482 DEBUG 6688 --- [http-nio-8080-exec-6] c.k.kkbbs.mapper.QuestionMapper.count    : ==> Parameters: 
2021-02-07 23:29:12.484 DEBUG 6688 --- [http-nio-8080-exec-6] c.k.kkbbs.mapper.QuestionMapper.count    : <==      Total: 1
2021-02-07 23:29:24.313 DEBUG 6688 --- [http-nio-8080-exec-6] c.k.kkbbs.mapper.UserMapper.findByToken  : ==>  Preparing: select * from user where token=? 
2021-02-07 23:29:24.314 DEBUG 6688 --- [http-nio-8080-exec-6] c.k.kkbbs.mapper.UserMapper.findByToken  : ==> Parameters: b804228b-10b2-4251-a5de-26ec6aa70733(String)
2021-02-07 23:29:24.315 DEBUG 6688 --- [http-nio-8080-exec-6] c.k.kkbbs.mapper.UserMapper.findByToken  : <==      Total: 1
2021-02-07 23:29:24.317 DEBUG 6688 --- [http-nio-8080-exec-6] c.k.k.m.N.countByExample                 : ==>  Preparing: select count(*) from notification WHERE ( receiver = ? and status = ? ) 
2021-02-07 23:29:24.317 DEBUG 6688 --- [http-nio-8080-exec-6] c.k.k.m.N.countByExample                 : ==> Parameters: 1(Long), 0(Integer)
2021-02-07 23:29:24.319 DEBUG 6688 --- [http-nio-8080-exec-6] c.k.k.m.N.countByExample                 : <==      Total: 1
2021-02-07 23:29:24.325 DEBUG 6688 --- [http-nio-8080-exec-6] c.k.k.m.N.selectByExampleWithRowbounds   : ==>  Preparing: select id, notifier, receiver, outerid, type, gmt_create, status, out_title, out_username from notification WHERE ( receiver = ? ) order by gmt_create desc 
2021-02-07 23:29:24.328 DEBUG 6688 --- [http-nio-8080-exec-6] c.k.k.m.N.selectByExampleWithRowbounds   : ==> Parameters: 1(Long)
2021-02-07 23:29:24.329 DEBUG 6688 --- [http-nio-8080-exec-6] c.k.k.m.N.selectByExampleWithRowbounds   : <==      Total: 3
2021-02-07 23:29:24.340 DEBUG 6688 --- [http-nio-8080-exec-6] c.k.k.m.N.countByExample                 : ==>  Preparing: select count(*) from notification WHERE ( receiver = ? ) 
2021-02-07 23:29:24.341 DEBUG 6688 --- [http-nio-8080-exec-6] c.k.k.m.N.countByExample                 : ==> Parameters: 1(Long)
2021-02-07 23:29:24.342 DEBUG 6688 --- [http-nio-8080-exec-6] c.k.k.m.N.countByExample                 : <==      Total: 1
2021-02-07 23:29:26.283 DEBUG 6688 --- [http-nio-8080-exec-7] c.k.kkbbs.mapper.UserMapper.findByToken  : ==>  Preparing: select * from user where token=? 
2021-02-07 23:29:26.284 DEBUG 6688 --- [http-nio-8080-exec-7] c.k.kkbbs.mapper.UserMapper.findByToken  : ==> Parameters: b804228b-10b2-4251-a5de-26ec6aa70733(String)
2021-02-07 23:29:26.286 DEBUG 6688 --- [http-nio-8080-exec-7] c.k.kkbbs.mapper.UserMapper.findByToken  : <==      Total: 1
2021-02-07 23:29:26.290 DEBUG 6688 --- [http-nio-8080-exec-7] c.k.k.m.N.countByExample                 : ==>  Preparing: select count(*) from notification WHERE ( receiver = ? and status = ? ) 
2021-02-07 23:29:26.290 DEBUG 6688 --- [http-nio-8080-exec-7] c.k.k.m.N.countByExample                 : ==> Parameters: 1(Long), 0(Integer)
2021-02-07 23:29:26.293 DEBUG 6688 --- [http-nio-8080-exec-7] c.k.k.m.N.countByExample                 : <==      Total: 1
2021-02-07 23:29:26.376 DEBUG 6688 --- [http-nio-8080-exec-1] c.k.kkbbs.mapper.UserMapper.findByToken  : ==>  Preparing: select * from user where token=? 
2021-02-07 23:29:26.376 DEBUG 6688 --- [http-nio-8080-exec-1] c.k.kkbbs.mapper.UserMapper.findByToken  : ==> Parameters: b804228b-10b2-4251-a5de-26ec6aa70733(String)
2021-02-07 23:29:26.381 DEBUG 6688 --- [http-nio-8080-exec-1] c.k.kkbbs.mapper.UserMapper.findByToken  : <==      Total: 1
2021-02-07 23:29:26.381 DEBUG 6688 --- [http-nio-8080-exec-2] c.k.kkbbs.mapper.UserMapper.findByToken  : ==>  Preparing: select * from user where token=? 
2021-02-07 23:29:26.382 DEBUG 6688 --- [http-nio-8080-exec-2] c.k.kkbbs.mapper.UserMapper.findByToken  : ==> Parameters: b804228b-10b2-4251-a5de-26ec6aa70733(String)
2021-02-07 23:29:26.383 DEBUG 6688 --- [http-nio-8080-exec-2] c.k.kkbbs.mapper.UserMapper.findByToken  : <==      Total: 1
2021-02-07 23:29:26.386 DEBUG 6688 --- [http-nio-8080-exec-2] c.k.k.m.N.countByExample                 : ==>  Preparing: select count(*) from notification WHERE ( receiver = ? and status = ? ) 
2021-02-07 23:29:26.387 DEBUG 6688 --- [http-nio-8080-exec-2] c.k.k.m.N.countByExample                 : ==> Parameters: 1(Long), 0(Integer)
2021-02-07 23:29:26.391 DEBUG 6688 --- [http-nio-8080-exec-2] c.k.k.m.N.countByExample                 : <==      Total: 1
2021-02-07 23:29:26.392 DEBUG 6688 --- [http-nio-8080-exec-1] c.k.k.m.N.countByExample                 : ==>  Preparing: select count(*) from notification WHERE ( receiver = ? and status = ? ) 
2021-02-07 23:29:26.392 DEBUG 6688 --- [http-nio-8080-exec-1] c.k.k.m.N.countByExample                 : ==> Parameters: 1(Long), 0(Integer)
2021-02-07 23:29:26.395 DEBUG 6688 --- [http-nio-8080-exec-1] c.k.k.m.N.countByExample                 : <==      Total: 1
2021-02-07 23:29:26.399 DEBUG 6688 --- [http-nio-8080-exec-10] c.k.kkbbs.mapper.UserMapper.findByToken  : ==>  Preparing: select * from user where token=? 
2021-02-07 23:29:26.399 DEBUG 6688 --- [http-nio-8080-exec-10] c.k.kkbbs.mapper.UserMapper.findByToken  : ==> Parameters: b804228b-10b2-4251-a5de-26ec6aa70733(String)
2021-02-07 23:29:26.404 DEBUG 6688 --- [http-nio-8080-exec-10] c.k.kkbbs.mapper.UserMapper.findByToken  : <==      Total: 1
2021-02-07 23:29:26.406 DEBUG 6688 --- [http-nio-8080-exec-10] c.k.k.m.N.countByExample                 : ==>  Preparing: select count(*) from notification WHERE ( receiver = ? and status = ? ) 
2021-02-07 23:29:26.407 DEBUG 6688 --- [http-nio-8080-exec-10] c.k.k.m.N.countByExample                 : ==> Parameters: 1(Long), 0(Integer)
2021-02-07 23:29:26.408 DEBUG 6688 --- [http-nio-8080-exec-10] c.k.k.m.N.countByExample                 : <==      Total: 1
2021-02-07 23:29:26.596 DEBUG 6688 --- [http-nio-8080-exec-5] c.k.kkbbs.mapper.UserMapper.findByToken  : ==>  Preparing: select * from user where token=? 
2021-02-07 23:29:26.596 DEBUG 6688 --- [http-nio-8080-exec-3] c.k.kkbbs.mapper.UserMapper.findByToken  : ==>  Preparing: select * from user where token=? 
2021-02-07 23:29:26.597 DEBUG 6688 --- [http-nio-8080-exec-5] c.k.kkbbs.mapper.UserMapper.findByToken  : ==> Parameters: b804228b-10b2-4251-a5de-26ec6aa70733(String)
2021-02-07 23:29:26.598 DEBUG 6688 --- [http-nio-8080-exec-3] c.k.kkbbs.mapper.UserMapper.findByToken  : ==> Parameters: b804228b-10b2-4251-a5de-26ec6aa70733(String)
2021-02-07 23:29:26.604 DEBUG 6688 --- [http-nio-8080-exec-5] c.k.kkbbs.mapper.UserMapper.findByToken  : <==      Total: 1
2021-02-07 23:29:26.605 DEBUG 6688 --- [http-nio-8080-exec-3] c.k.kkbbs.mapper.UserMapper.findByToken  : <==      Total: 1
2021-02-07 23:29:26.608 DEBUG 6688 --- [http-nio-8080-exec-3] c.k.k.m.N.countByExample                 : ==>  Preparing: select count(*) from notification WHERE ( receiver = ? and status = ? ) 
2021-02-07 23:29:26.610 DEBUG 6688 --- [http-nio-8080-exec-3] c.k.k.m.N.countByExample                 : ==> Parameters: 1(Long), 0(Integer)
2021-02-07 23:29:26.612 DEBUG 6688 --- [http-nio-8080-exec-3] c.k.k.m.N.countByExample                 : <==      Total: 1
2021-02-07 23:29:26.612 DEBUG 6688 --- [http-nio-8080-exec-5] c.k.k.m.N.countByExample                 : ==>  Preparing: select count(*) from notification WHERE ( receiver = ? and status = ? ) 
2021-02-07 23:29:26.613 DEBUG 6688 --- [http-nio-8080-exec-5] c.k.k.m.N.countByExample                 : ==> Parameters: 1(Long), 0(Integer)
2021-02-07 23:29:26.615 DEBUG 6688 --- [http-nio-8080-exec-5] c.k.k.m.N.countByExample                 : <==      Total: 1
2021-02-07 23:29:26.617 DEBUG 6688 --- [http-nio-8080-exec-4] c.k.kkbbs.mapper.UserMapper.findByToken  : ==>  Preparing: select * from user where token=? 
2021-02-07 23:29:26.619 DEBUG 6688 --- [http-nio-8080-exec-4] c.k.kkbbs.mapper.UserMapper.findByToken  : ==> Parameters: b804228b-10b2-4251-a5de-26ec6aa70733(String)
2021-02-07 23:29:26.620 DEBUG 6688 --- [http-nio-8080-exec-8] c.k.kkbbs.mapper.UserMapper.findByToken  : ==>  Preparing: select * from user where token=? 
2021-02-07 23:29:26.623 DEBUG 6688 --- [http-nio-8080-exec-8] c.k.kkbbs.mapper.UserMapper.findByToken  : ==> Parameters: b804228b-10b2-4251-a5de-26ec6aa70733(String)
2021-02-07 23:29:26.624 DEBUG 6688 --- [http-nio-8080-exec-4] c.k.kkbbs.mapper.UserMapper.findByToken  : <==      Total: 1
2021-02-07 23:29:26.624 DEBUG 6688 --- [http-nio-8080-exec-8] c.k.kkbbs.mapper.UserMapper.findByToken  : <==      Total: 1
2021-02-07 23:29:26.625 DEBUG 6688 --- [http-nio-8080-exec-4] c.k.k.m.N.countByExample                 : ==>  Preparing: select count(*) from notification WHERE ( receiver = ? and status = ? ) 
2021-02-07 23:29:26.625 DEBUG 6688 --- [http-nio-8080-exec-8] c.k.k.m.N.countByExample                 : ==>  Preparing: select count(*) from notification WHERE ( receiver = ? and status = ? ) 
2021-02-07 23:29:26.625 DEBUG 6688 --- [http-nio-8080-exec-4] c.k.k.m.N.countByExample                 : ==> Parameters: 1(Long), 0(Integer)
2021-02-07 23:29:26.626 DEBUG 6688 --- [http-nio-8080-exec-8] c.k.k.m.N.countByExample                 : ==> Parameters: 1(Long), 0(Integer)
2021-02-07 23:29:26.627 DEBUG 6688 --- [http-nio-8080-exec-4] c.k.k.m.N.countByExample                 : <==      Total: 1
2021-02-07 23:29:26.627 DEBUG 6688 --- [http-nio-8080-exec-8] c.k.k.m.N.countByExample                 : <==      Total: 1
2021-02-07 23:29:26.633 DEBUG 6688 --- [http-nio-8080-exec-6] c.k.kkbbs.mapper.UserMapper.findByToken  : ==>  Preparing: select * from user where token=? 
2021-02-07 23:29:26.633 DEBUG 6688 --- [http-nio-8080-exec-6] c.k.kkbbs.mapper.UserMapper.findByToken  : ==> Parameters: b804228b-10b2-4251-a5de-26ec6aa70733(String)
2021-02-07 23:29:26.634 DEBUG 6688 --- [http-nio-8080-exec-6] c.k.kkbbs.mapper.UserMapper.findByToken  : <==      Total: 1
2021-02-07 23:29:26.636 DEBUG 6688 --- [http-nio-8080-exec-6] c.k.k.m.N.countByExample                 : ==>  Preparing: select count(*) from notification WHERE ( receiver = ? and status = ? ) 
2021-02-07 23:29:26.636 DEBUG 6688 --- [http-nio-8080-exec-6] c.k.k.m.N.countByExample                 : ==> Parameters: 1(Long), 0(Integer)
2021-02-07 23:29:26.638 DEBUG 6688 --- [http-nio-8080-exec-6] c.k.k.m.N.countByExample                 : <==      Total: 1
2021-02-07 23:29:26.874 DEBUG 6688 --- [http-nio-8080-exec-9] c.k.kkbbs.mapper.UserMapper.findByToken  : ==>  Preparing: select * from user where token=? 
2021-02-07 23:29:26.874 DEBUG 6688 --- [http-nio-8080-exec-9] c.k.kkbbs.mapper.UserMapper.findByToken  : ==> Parameters: b804228b-10b2-4251-a5de-26ec6aa70733(String)
2021-02-07 23:29:26.876 DEBUG 6688 --- [http-nio-8080-exec-9] c.k.kkbbs.mapper.UserMapper.findByToken  : <==      Total: 1
2021-02-07 23:29:26.878 DEBUG 6688 --- [http-nio-8080-exec-9] c.k.k.m.N.countByExample                 : ==>  Preparing: select count(*) from notification WHERE ( receiver = ? and status = ? ) 
2021-02-07 23:29:26.878 DEBUG 6688 --- [http-nio-8080-exec-9] c.k.k.m.N.countByExample                 : ==> Parameters: 1(Long), 0(Integer)
2021-02-07 23:29:26.879 DEBUG 6688 --- [http-nio-8080-exec-9] c.k.k.m.N.countByExample                 : <==      Total: 1
2021-02-07 23:29:26.941 DEBUG 6688 --- [http-nio-8080-exec-7] c.k.kkbbs.mapper.UserMapper.findByToken  : ==>  Preparing: select * from user where token=? 
2021-02-07 23:29:26.941 DEBUG 6688 --- [http-nio-8080-exec-7] c.k.kkbbs.mapper.UserMapper.findByToken  : ==> Parameters: b804228b-10b2-4251-a5de-26ec6aa70733(String)
2021-02-07 23:29:26.943 DEBUG 6688 --- [http-nio-8080-exec-7] c.k.kkbbs.mapper.UserMapper.findByToken  : <==      Total: 1
2021-02-07 23:29:26.944 DEBUG 6688 --- [http-nio-8080-exec-7] c.k.k.m.N.countByExample                 : ==>  Preparing: select count(*) from notification WHERE ( receiver = ? and status = ? ) 
2021-02-07 23:29:26.944 DEBUG 6688 --- [http-nio-8080-exec-7] c.k.k.m.N.countByExample                 : ==> Parameters: 1(Long), 0(Integer)
2021-02-07 23:29:26.945 DEBUG 6688 --- [http-nio-8080-exec-7] c.k.k.m.N.countByExample                 : <==      Total: 1
2021-02-07 23:29:27.049 DEBUG 6688 --- [http-nio-8080-exec-2] c.k.kkbbs.mapper.UserMapper.findByToken  : ==>  Preparing: select * from user where token=? 
2021-02-07 23:29:27.049 DEBUG 6688 --- [http-nio-8080-exec-2] c.k.kkbbs.mapper.UserMapper.findByToken  : ==> Parameters: b804228b-10b2-4251-a5de-26ec6aa70733(String)
2021-02-07 23:29:27.051 DEBUG 6688 --- [http-nio-8080-exec-2] c.k.kkbbs.mapper.UserMapper.findByToken  : <==      Total: 1
2021-02-07 23:29:27.053 DEBUG 6688 --- [http-nio-8080-exec-2] c.k.k.m.N.countByExample                 : ==>  Preparing: select count(*) from notification WHERE ( receiver = ? and status = ? ) 
2021-02-07 23:29:27.053 DEBUG 6688 --- [http-nio-8080-exec-2] c.k.k.m.N.countByExample                 : ==> Parameters: 1(Long), 0(Integer)
2021-02-07 23:29:27.054 DEBUG 6688 --- [http-nio-8080-exec-2] c.k.k.m.N.countByExample                 : <==      Total: 1
2021-02-07 23:29:27.090 DEBUG 6688 --- [http-nio-8080-exec-10] c.k.kkbbs.mapper.UserMapper.findByToken  : ==>  Preparing: select * from user where token=? 
2021-02-07 23:29:27.090 DEBUG 6688 --- [http-nio-8080-exec-10] c.k.kkbbs.mapper.UserMapper.findByToken  : ==> Parameters: b804228b-10b2-4251-a5de-26ec6aa70733(String)
2021-02-07 23:29:27.092 DEBUG 6688 --- [http-nio-8080-exec-10] c.k.kkbbs.mapper.UserMapper.findByToken  : <==      Total: 1
2021-02-07 23:29:27.093 DEBUG 6688 --- [http-nio-8080-exec-10] c.k.k.m.N.countByExample                 : ==>  Preparing: select count(*) from notification WHERE ( receiver = ? and status = ? ) 
2021-02-07 23:29:27.094 DEBUG 6688 --- [http-nio-8080-exec-10] c.k.k.m.N.countByExample                 : ==> Parameters: 1(Long), 0(Integer)
2021-02-07 23:29:27.099 DEBUG 6688 --- [http-nio-8080-exec-10] c.k.k.m.N.countByExample                 : <==      Total: 1
2021-02-07 23:29:27.120 DEBUG 6688 --- [http-nio-8080-exec-1] c.k.kkbbs.mapper.UserMapper.findByToken  : ==>  Preparing: select * from user where token=? 
2021-02-07 23:29:27.120 DEBUG 6688 --- [http-nio-8080-exec-1] c.k.kkbbs.mapper.UserMapper.findByToken  : ==> Parameters: b804228b-10b2-4251-a5de-26ec6aa70733(String)
2021-02-07 23:29:27.121 DEBUG 6688 --- [http-nio-8080-exec-1] c.k.kkbbs.mapper.UserMapper.findByToken  : <==      Total: 1
2021-02-07 23:29:27.122 DEBUG 6688 --- [http-nio-8080-exec-1] c.k.k.m.N.countByExample                 : ==>  Preparing: select count(*) from notification WHERE ( receiver = ? and status = ? ) 
2021-02-07 23:29:27.122 DEBUG 6688 --- [http-nio-8080-exec-1] c.k.k.m.N.countByExample                 : ==> Parameters: 1(Long), 0(Integer)
2021-02-07 23:29:27.124 DEBUG 6688 --- [http-nio-8080-exec-1] c.k.k.m.N.countByExample                 : <==      Total: 1
2021-02-07 23:29:28.042 DEBUG 6688 --- [http-nio-8080-exec-6] c.k.kkbbs.mapper.UserMapper.findByToken  : ==>  Preparing: select * from user where token=? 
2021-02-07 23:29:28.042 DEBUG 6688 --- [http-nio-8080-exec-6] c.k.kkbbs.mapper.UserMapper.findByToken  : ==> Parameters: b804228b-10b2-4251-a5de-26ec6aa70733(String)
2021-02-07 23:29:28.044 DEBUG 6688 --- [http-nio-8080-exec-6] c.k.kkbbs.mapper.UserMapper.findByToken  : <==      Total: 1
2021-02-07 23:29:28.045 DEBUG 6688 --- [http-nio-8080-exec-6] c.k.k.m.N.countByExample                 : ==>  Preparing: select count(*) from notification WHERE ( receiver = ? and status = ? ) 
2021-02-07 23:29:28.045 DEBUG 6688 --- [http-nio-8080-exec-6] c.k.k.m.N.countByExample                 : ==> Parameters: 1(Long), 0(Integer)
2021-02-07 23:29:28.046 DEBUG 6688 --- [http-nio-8080-exec-6] c.k.k.m.N.countByExample                 : <==      Total: 1
2021-02-07 23:29:28.047 DEBUG 6688 --- [http-nio-8080-exec-6] c.k.kkbbs.mapper.QuestionMapper.getList  : ==>  Preparing: select * from question limit ?,? 
2021-02-07 23:29:28.048 DEBUG 6688 --- [http-nio-8080-exec-6] c.k.kkbbs.mapper.QuestionMapper.getList  : ==> Parameters: 0(Integer), 5(Integer)
2021-02-07 23:29:28.052 DEBUG 6688 --- [http-nio-8080-exec-6] c.k.kkbbs.mapper.QuestionMapper.getList  : <==      Total: 5
2021-02-07 23:29:28.053 DEBUG 6688 --- [http-nio-8080-exec-6] c.k.kkbbs.mapper.UserMapper.findById     : ==>  Preparing: select * from user where id=? 
2021-02-07 23:29:28.054 DEBUG 6688 --- [http-nio-8080-exec-6] c.k.kkbbs.mapper.UserMapper.findById     : ==> Parameters: 1(Long)
2021-02-07 23:29:28.055 DEBUG 6688 --- [http-nio-8080-exec-6] c.k.kkbbs.mapper.UserMapper.findById     : <==      Total: 1
2021-02-07 23:29:28.058 DEBUG 6688 --- [http-nio-8080-exec-6] c.k.kkbbs.mapper.UserMapper.findById     : ==>  Preparing: select * from user where id=? 
2021-02-07 23:29:28.058 DEBUG 6688 --- [http-nio-8080-exec-6] c.k.kkbbs.mapper.UserMapper.findById     : ==> Parameters: 1(Long)
2021-02-07 23:29:28.059 DEBUG 6688 --- [http-nio-8080-exec-6] c.k.kkbbs.mapper.UserMapper.findById     : <==      Total: 1
2021-02-07 23:29:28.060 DEBUG 6688 --- [http-nio-8080-exec-6] c.k.kkbbs.mapper.UserMapper.findById     : ==>  Preparing: select * from user where id=? 
2021-02-07 23:29:28.060 DEBUG 6688 --- [http-nio-8080-exec-6] c.k.kkbbs.mapper.UserMapper.findById     : ==> Parameters: 1(Long)
2021-02-07 23:29:28.061 DEBUG 6688 --- [http-nio-8080-exec-6] c.k.kkbbs.mapper.UserMapper.findById     : <==      Total: 1
2021-02-07 23:29:28.061 DEBUG 6688 --- [http-nio-8080-exec-6] c.k.kkbbs.mapper.UserMapper.findById     : ==>  Preparing: select * from user where id=? 
2021-02-07 23:29:28.061 DEBUG 6688 --- [http-nio-8080-exec-6] c.k.kkbbs.mapper.UserMapper.findById     : ==> Parameters: 1(Long)
2021-02-07 23:29:28.062 DEBUG 6688 --- [http-nio-8080-exec-6] c.k.kkbbs.mapper.UserMapper.findById     : <==      Total: 1
2021-02-07 23:29:28.063 DEBUG 6688 --- [http-nio-8080-exec-6] c.k.kkbbs.mapper.UserMapper.findById     : ==>  Preparing: select * from user where id=? 
2021-02-07 23:29:28.063 DEBUG 6688 --- [http-nio-8080-exec-6] c.k.kkbbs.mapper.UserMapper.findById     : ==> Parameters: 1(Long)
2021-02-07 23:29:28.064 DEBUG 6688 --- [http-nio-8080-exec-6] c.k.kkbbs.mapper.UserMapper.findById     : <==      Total: 1
2021-02-07 23:29:28.065 DEBUG 6688 --- [http-nio-8080-exec-6] c.k.kkbbs.mapper.QuestionMapper.count    : ==>  Preparing: select count(1) from question 
2021-02-07 23:29:28.065 DEBUG 6688 --- [http-nio-8080-exec-6] c.k.kkbbs.mapper.QuestionMapper.count    : ==> Parameters: 
2021-02-07 23:29:28.067 DEBUG 6688 --- [http-nio-8080-exec-6] c.k.kkbbs.mapper.QuestionMapper.count    : <==      Total: 1
